INFO - 2024-05-17 13:15:59 --> Session: Class initialized using 'CodeIgniter\Session\Handlers\FileHandler' driver.
INFO - 2024-05-17 14:08:37 --> Session: Class initialized using 'CodeIgniter\Session\Handlers\FileHandler' driver.
INFO - 2024-05-17 14:10:29 --> Session: Class initialized using 'CodeIgniter\Session\Handlers\FileHandler' driver.
INFO - 2024-05-17 14:10:39 --> Session: Class initialized using 'CodeIgniter\Session\Handlers\FileHandler' driver.
INFO - 2024-05-17 14:15:28 --> Session: Class initialized using 'CodeIgniter\Session\Handlers\FileHandler' driver.
INFO - 2024-05-17 14:15:30 --> Session: Class initialized using 'CodeIgniter\Session\Handlers\FileHandler' driver.
INFO - 2024-05-17 14:15:38 --> Session: Class initialized using 'CodeIgniter\Session\Handlers\FileHandler' driver.
INFO - 2024-05-17 14:15:48 --> Session: Class initialized using 'CodeIgniter\Session\Handlers\FileHandler' driver.
INFO - 2024-05-17 14:33:13 --> Session: Class initialized using 'CodeIgniter\Session\Handlers\FileHandler' driver.
INFO - 2024-05-17 14:34:40 --> Session: Class initialized using 'CodeIgniter\Session\Handlers\FileHandler' driver.
INFO - 2024-05-17 14:35:12 --> Session: Class initialized using 'CodeIgniter\Session\Handlers\FileHandler' driver.
INFO - 2024-05-17 14:35:26 --> Session: Class initialized using 'CodeIgniter\Session\Handlers\FileHandler' driver.
INFO - 2024-05-17 14:35:26 --> Session: Class initialized using 'CodeIgniter\Session\Handlers\FileHandler' driver.
INFO - 2024-05-17 14:35:28 --> Session: Class initialized using 'CodeIgniter\Session\Handlers\FileHandler' driver.
INFO - 2024-05-17 14:37:30 --> Session: Class initialized using 'CodeIgniter\Session\Handlers\FileHandler' driver.
INFO - 2024-05-17 14:38:50 --> Session: Class initialized using 'CodeIgniter\Session\Handlers\FileHandler' driver.
INFO - 2024-05-17 14:39:25 --> Session: Class initialized using 'CodeIgniter\Session\Handlers\FileHandler' driver.
INFO - 2024-05-17 14:39:32 --> Session: Class initialized using 'CodeIgniter\Session\Handlers\FileHandler' driver.
INFO - 2024-05-17 14:40:05 --> Session: Class initialized using 'CodeIgniter\Session\Handlers\FileHandler' driver.
INFO - 2024-05-17 14:40:17 --> Session: Class initialized using 'CodeIgniter\Session\Handlers\FileHandler' driver.
INFO - 2024-05-17 14:40:21 --> Session: Class initialized using 'CodeIgniter\Session\Handlers\FileHandler' driver.
INFO - 2024-05-17 14:40:21 --> Session: Class initialized using 'CodeIgniter\Session\Handlers\FileHandler' driver.
INFO - 2024-05-17 14:40:23 --> Session: Class initialized using 'CodeIgniter\Session\Handlers\FileHandler' driver.
ERROR - 2024-05-17 16:01:13 --> Error connecting to the database: mysqli_sql_exception: No connection could be made because the target machine actively refused it in C:\Users\ASUS\Downloads\ci4-apk-kampus-main\ci4-apk-kampus-main\system\Database\MySQLi\Connection.php:186
Stack trace:
#0 C:\Users\ASUS\Downloads\ci4-apk-kampus-main\ci4-apk-kampus-main\system\Database\MySQLi\Connection.php(186): mysqli->real_connect('localhost', 'root', Object(SensitiveParameterValue), 'umb', 3306, '', 0)
#1 C:\Users\ASUS\Downloads\ci4-apk-kampus-main\ci4-apk-kampus-main\system\Database\BaseConnection.php(421): CodeIgniter\Database\MySQLi\Connection->connect(false)
#2 C:\Users\ASUS\Downloads\ci4-apk-kampus-main\ci4-apk-kampus-main\system\Database\BaseConnection.php(604): CodeIgniter\Database\BaseConnection->initialize()
#3 C:\Users\ASUS\Downloads\ci4-apk-kampus-main\ci4-apk-kampus-main\system\Database\BaseBuilder.php(1629): CodeIgniter\Database\BaseConnection->query('SELECT *\nFROM `...', Array, false)
#4 C:\Users\ASUS\Downloads\ci4-apk-kampus-main\ci4-apk-kampus-main\system\Model.php(275): CodeIgniter\Database\BaseBuilder->get()
#5 C:\Users\ASUS\Downloads\ci4-apk-kampus-main\ci4-apk-kampus-main\system\BaseModel.php(676): CodeIgniter\Model->doFindAll(0, 0)
#6 C:\Users\ASUS\Downloads\ci4-apk-kampus-main\ci4-apk-kampus-main\app\Controllers\Dosen.php(18): CodeIgniter\BaseModel->findAll()
#7 C:\Users\ASUS\Downloads\ci4-apk-kampus-main\ci4-apk-kampus-main\system\CodeIgniter.php(933): App\Controllers\Dosen->index()
#8 C:\Users\ASUS\Downloads\ci4-apk-kampus-main\ci4-apk-kampus-main\system\CodeIgniter.php(509): CodeIgniter\CodeIgniter->runController(Object(App\Controllers\Dosen))
#9 C:\Users\ASUS\Downloads\ci4-apk-kampus-main\ci4-apk-kampus-main\system\CodeIgniter.php(355): CodeIgniter\CodeIgniter->handleRequest(NULL, Object(Config\Cache), false)
#10 C:\Users\ASUS\Downloads\ci4-apk-kampus-main\ci4-apk-kampus-main\system\Boot.php(312): CodeIgniter\CodeIgniter->run()
#11 C:\Users\ASUS\Downloads\ci4-apk-kampus-main\ci4-apk-kampus-main\system\Boot.php(67): CodeIgniter\Boot::runCodeIgniter(Object(CodeIgniter\CodeIgniter))
#12 C:\Users\ASUS\Downloads\ci4-apk-kampus-main\ci4-apk-kampus-main\public\index.php(56): CodeIgniter\Boot::bootWeb(Object(Config\Paths))
#13 C:\Users\ASUS\Downloads\ci4-apk-kampus-main\ci4-apk-kampus-main\system\Commands\Server\rewrite.php(49): require_once('C:\\Users\\ASUS\\D...')
#14 {main}

Next CodeIgniter\Database\Exceptions\DatabaseException: No connection could be made because the target machine actively refused it in C:\Users\ASUS\Downloads\ci4-apk-kampus-main\ci4-apk-kampus-main\system\Database\MySQLi\Connection.php:231
Stack trace:
#0 C:\Users\ASUS\Downloads\ci4-apk-kampus-main\ci4-apk-kampus-main\system\Database\BaseConnection.php(421): CodeIgniter\Database\MySQLi\Connection->connect(false)
#1 C:\Users\ASUS\Downloads\ci4-apk-kampus-main\ci4-apk-kampus-main\system\Database\BaseConnection.php(604): CodeIgniter\Database\BaseConnection->initialize()
#2 C:\Users\ASUS\Downloads\ci4-apk-kampus-main\ci4-apk-kampus-main\system\Database\BaseBuilder.php(1629): CodeIgniter\Database\BaseConnection->query('SELECT *\nFROM `...', Array, false)
#3 C:\Users\ASUS\Downloads\ci4-apk-kampus-main\ci4-apk-kampus-main\system\Model.php(275): CodeIgniter\Database\BaseBuilder->get()
#4 C:\Users\ASUS\Downloads\ci4-apk-kampus-main\ci4-apk-kampus-main\system\BaseModel.php(676): CodeIgniter\Model->doFindAll(0, 0)
#5 C:\Users\ASUS\Downloads\ci4-apk-kampus-main\ci4-apk-kampus-main\app\Controllers\Dosen.php(18): CodeIgniter\BaseModel->findAll()
#6 C:\Users\ASUS\Downloads\ci4-apk-kampus-main\ci4-apk-kampus-main\system\CodeIgniter.php(933): App\Controllers\Dosen->index()
#7 C:\Users\ASUS\Downloads\ci4-apk-kampus-main\ci4-apk-kampus-main\system\CodeIgniter.php(509): CodeIgniter\CodeIgniter->runController(Object(App\Controllers\Dosen))
#8 C:\Users\ASUS\Downloads\ci4-apk-kampus-main\ci4-apk-kampus-main\system\CodeIgniter.php(355): CodeIgniter\CodeIgniter->handleRequest(NULL, Object(Config\Cache), false)
#9 C:\Users\ASUS\Downloads\ci4-apk-kampus-main\ci4-apk-kampus-main\system\Boot.php(312): CodeIgniter\CodeIgniter->run()
#10 C:\Users\ASUS\Downloads\ci4-apk-kampus-main\ci4-apk-kampus-main\system\Boot.php(67): CodeIgniter\Boot::runCodeIgniter(Object(CodeIgniter\CodeIgniter))
#11 C:\Users\ASUS\Downloads\ci4-apk-kampus-main\ci4-apk-kampus-main\public\index.php(56): CodeIgniter\Boot::bootWeb(Object(Config\Paths))
#12 C:\Users\ASUS\Downloads\ci4-apk-kampus-main\ci4-apk-kampus-main\system\Commands\Server\rewrite.php(49): require_once('C:\\Users\\ASUS\\D...')
#13 {main}
CRITICAL - 2024-05-17 16:01:13 --> CodeIgniter\Database\Exceptions\DatabaseException: Unable to connect to the database.
Main connection [MySQLi]: No connection could be made because the target machine actively refused it
[Method: GET, Route: dosen]
in SYSTEMPATH\Database\BaseConnection.php on line 457.
 1 SYSTEMPATH\Database\BaseConnection.php(604): CodeIgniter\Database\BaseConnection->initialize()
 2 SYSTEMPATH\Database\BaseBuilder.php(1629): CodeIgniter\Database\BaseConnection->query('SELECT *
FROM `dosen`', [], false)
 3 SYSTEMPATH\Model.php(275): CodeIgniter\Database\BaseBuilder->get()
 4 SYSTEMPATH\BaseModel.php(676): CodeIgniter\Model->doFindAll(0, 0)
 5 APPPATH\Controllers\Dosen.php(18): CodeIgniter\BaseModel->findAll()
 6 SYSTEMPATH\CodeIgniter.php(933): App\Controllers\Dosen->index()
 7 SYSTEMPATH\CodeIgniter.php(509): CodeIgniter\CodeIgniter->runController(Object(App\Controllers\Dosen))
 8 SYSTEMPATH\CodeIgniter.php(355): CodeIgniter\CodeIgniter->handleRequest(null, Object(Config\Cache), false)
 9 SYSTEMPATH\Boot.php(312): CodeIgniter\CodeIgniter->run()
10 SYSTEMPATH\Boot.php(67): CodeIgniter\Boot::runCodeIgniter(Object(CodeIgniter\CodeIgniter))
11 FCPATH\index.php(56): CodeIgniter\Boot::bootWeb(Object(Config\Paths))
12 SYSTEMPATH\Commands\Server\rewrite.php(49): require_once('C:\\Users\\ASUS\\Downloads\\ci4-apk-kampus-main\\ci4-apk-kampus-main\\public\\index.php')
INFO - 2024-05-17 16:01:51 --> Session: Class initialized using 'CodeIgniter\Session\Handlers\FileHandler' driver.
INFO - 2024-05-17 16:01:59 --> Session: Class initialized using 'CodeIgniter\Session\Handlers\FileHandler' driver.
INFO - 2024-05-17 16:01:59 --> Session: Class initialized using 'CodeIgniter\Session\Handlers\FileHandler' driver.
INFO - 2024-05-17 16:02:12 --> Session: Class initialized using 'CodeIgniter\Session\Handlers\FileHandler' driver.
INFO - 2024-05-17 16:13:04 --> Session: Class initialized using 'CodeIgniter\Session\Handlers\FileHandler' driver.
