CRITICAL - 2024-05-15 10:47:27 --> CodeIgniter\View\Exceptions\ViewException: Invalid file: "mahasiswa/index.php"
[Method: GET, Route: mahasiswa]
in SYSTEMPATH\Exceptions\FrameworkException.php on line 41.
 1 SYSTEMPATH\View\View.php(222): CodeIgniter\Exceptions\FrameworkException::forInvalidFile('mahasiswa/index.php')
 2 SYSTEMPATH\Common.php(1171): CodeIgniter\View\View->render('mahasiswa/index', [], true)
 3 APPPATH\Controllers\mahasiswa.php(19): view('mahasiswa/index', [...])
 4 SYSTEMPATH\CodeIgniter.php(933): App\Controllers\Mahasiswa->index()
 5 SYSTEMPATH\CodeIgniter.php(509): CodeIgniter\CodeIgniter->runController(Object(App\Controllers\Mahasiswa))
 6 SYSTEMPATH\CodeIgniter.php(355): CodeIgniter\CodeIgniter->handleRequest(null, Object(Config\Cache), false)
 7 SYSTEMPATH\Boot.php(312): CodeIgniter\CodeIgniter->run()
 8 SYSTEMPATH\Boot.php(67): CodeIgniter\Boot::runCodeIgniter(Object(CodeIgniter\CodeIgniter))
 9 FCPATH\index.php(56): CodeIgniter\Boot::bootWeb(Object(Config\Paths))
10 SYSTEMPATH\Commands\Server\rewrite.php(49): require_once('C:\\uts\\okci4\\public\\index.php')
CRITICAL - 2024-05-15 10:48:28 --> CodeIgniter\View\Exceptions\ViewException: Invalid file: "mahasiswa/index.php"
[Method: GET, Route: mahasiswa]
in SYSTEMPATH\Exceptions\FrameworkException.php on line 41.
 1 SYSTEMPATH\View\View.php(222): CodeIgniter\Exceptions\FrameworkException::forInvalidFile('mahasiswa/index.php')
 2 SYSTEMPATH\Common.php(1171): CodeIgniter\View\View->render('mahasiswa/index', [], true)
 3 APPPATH\Controllers\mahasiswa.php(19): view('mahasiswa/index', [...])
 4 SYSTEMPATH\CodeIgniter.php(933): App\Controllers\Mahasiswa->index()
 5 SYSTEMPATH\CodeIgniter.php(509): CodeIgniter\CodeIgniter->runController(Object(App\Controllers\Mahasiswa))
 6 SYSTEMPATH\CodeIgniter.php(355): CodeIgniter\CodeIgniter->handleRequest(null, Object(Config\Cache), false)
 7 SYSTEMPATH\Boot.php(312): CodeIgniter\CodeIgniter->run()
 8 SYSTEMPATH\Boot.php(67): CodeIgniter\Boot::runCodeIgniter(Object(CodeIgniter\CodeIgniter))
 9 FCPATH\index.php(56): CodeIgniter\Boot::bootWeb(Object(Config\Paths))
10 SYSTEMPATH\Commands\Server\rewrite.php(49): require_once('C:\\uts\\okci4\\public\\index.php')
INFO - 2024-05-15 10:52:59 --> Session: Class initialized using 'CodeIgniter\Session\Handlers\FileHandler' driver.
CRITICAL - 2024-05-15 11:07:12 --> CodeIgniter\View\Exceptions\ViewException: Invalid file: "mahasiswa/view.php"
[Method: GET, Route: mahasiswa/view/0]
in SYSTEMPATH\Exceptions\FrameworkException.php on line 41.
 1 SYSTEMPATH\View\View.php(222): CodeIgniter\Exceptions\FrameworkException::forInvalidFile('mahasiswa/view.php')
 2 SYSTEMPATH\Common.php(1171): CodeIgniter\View\View->render('mahasiswa/view', [], true)
 3 APPPATH\Controllers\mahasiswa.php(101): view('mahasiswa/view', [...])
 4 SYSTEMPATH\CodeIgniter.php(933): App\Controllers\Mahasiswa->view('0')
 5 SYSTEMPATH\CodeIgniter.php(509): CodeIgniter\CodeIgniter->runController(Object(App\Controllers\Mahasiswa))
 6 SYSTEMPATH\CodeIgniter.php(355): CodeIgniter\CodeIgniter->handleRequest(null, Object(Config\Cache), false)
 7 SYSTEMPATH\Boot.php(312): CodeIgniter\CodeIgniter->run()
 8 SYSTEMPATH\Boot.php(67): CodeIgniter\Boot::runCodeIgniter(Object(CodeIgniter\CodeIgniter))
 9 FCPATH\index.php(56): CodeIgniter\Boot::bootWeb(Object(Config\Paths))
10 SYSTEMPATH\Commands\Server\rewrite.php(49): require_once('C:\\uts\\okci4\\public\\index.php')
INFO - 2024-05-15 11:20:05 --> Session: Class initialized using 'CodeIgniter\Session\Handlers\FileHandler' driver.
CRITICAL - 2024-05-15 11:39:44 --> ErrorException: Undefined array key "nama"
[Method: GET, Route: dosen/view/11]
in APPPATH\Views\dosen\view.php on line 78.
 1 APPPATH\Views\dosen\view.php(78): CodeIgniter\Debug\Exceptions->errorHandler(2, 'Undefined array key "nama"', 'C:\\uts\\okci4\\app\\Views\\dosen\\view.php', 78)
 2 SYSTEMPATH\View\View.php(234): include('C:\\uts\\okci4\\app\\Views\\dosen\\view.php')
 3 SYSTEMPATH\View\View.php(237): CodeIgniter\View\View->CodeIgniter\View\{closure}()
 4 SYSTEMPATH\Common.php(1171): CodeIgniter\View\View->render('dosen/view', [], true)
 5 APPPATH\Controllers\Dosen.php(109): view('dosen/view', [...])
 6 SYSTEMPATH\CodeIgniter.php(933): App\Controllers\Dosen->view('11')
 7 SYSTEMPATH\CodeIgniter.php(509): CodeIgniter\CodeIgniter->runController(Object(App\Controllers\Dosen))
 8 SYSTEMPATH\CodeIgniter.php(355): CodeIgniter\CodeIgniter->handleRequest(null, Object(Config\Cache), false)
 9 SYSTEMPATH\Boot.php(312): CodeIgniter\CodeIgniter->run()
10 SYSTEMPATH\Boot.php(67): CodeIgniter\Boot::runCodeIgniter(Object(CodeIgniter\CodeIgniter))
11 FCPATH\index.php(56): CodeIgniter\Boot::bootWeb(Object(Config\Paths))
12 SYSTEMPATH\Commands\Server\rewrite.php(49): require_once('C:\\uts\\okci4\\public\\index.php')
CRITICAL - 2024-05-15 11:44:33 --> ErrorException: Undefined array key "nama"
[Method: GET, Route: dosen/view/11]
in APPPATH\Views\dosen\view.php on line 78.
 1 APPPATH\Views\dosen\view.php(78): CodeIgniter\Debug\Exceptions->errorHandler(2, 'Undefined array key "nama"', 'C:\\uts\\okci4\\app\\Views\\dosen\\view.php', 78)
 2 SYSTEMPATH\View\View.php(234): include('C:\\uts\\okci4\\app\\Views\\dosen\\view.php')
 3 SYSTEMPATH\View\View.php(237): CodeIgniter\View\View->CodeIgniter\View\{closure}()
 4 SYSTEMPATH\Common.php(1171): CodeIgniter\View\View->render('dosen/view', [], true)
 5 APPPATH\Controllers\Dosen.php(109): view('dosen/view', [...])
 6 SYSTEMPATH\CodeIgniter.php(933): App\Controllers\Dosen->view('11')
 7 SYSTEMPATH\CodeIgniter.php(509): CodeIgniter\CodeIgniter->runController(Object(App\Controllers\Dosen))
 8 SYSTEMPATH\CodeIgniter.php(355): CodeIgniter\CodeIgniter->handleRequest(null, Object(Config\Cache), false)
 9 SYSTEMPATH\Boot.php(312): CodeIgniter\CodeIgniter->run()
10 SYSTEMPATH\Boot.php(67): CodeIgniter\Boot::runCodeIgniter(Object(CodeIgniter\CodeIgniter))
11 FCPATH\index.php(56): CodeIgniter\Boot::bootWeb(Object(Config\Paths))
12 SYSTEMPATH\Commands\Server\rewrite.php(49): require_once('C:\\uts\\okci4\\public\\index.php')
CRITICAL - 2024-05-15 11:44:38 --> ErrorException: Undefined array key "nama"
[Method: GET, Route: dosen/view/11]
in APPPATH\Views\dosen\view.php on line 78.
 1 APPPATH\Views\dosen\view.php(78): CodeIgniter\Debug\Exceptions->errorHandler(2, 'Undefined array key "nama"', 'C:\\uts\\okci4\\app\\Views\\dosen\\view.php', 78)
 2 SYSTEMPATH\View\View.php(234): include('C:\\uts\\okci4\\app\\Views\\dosen\\view.php')
 3 SYSTEMPATH\View\View.php(237): CodeIgniter\View\View->CodeIgniter\View\{closure}()
 4 SYSTEMPATH\Common.php(1171): CodeIgniter\View\View->render('dosen/view', [], true)
 5 APPPATH\Controllers\Dosen.php(109): view('dosen/view', [...])
 6 SYSTEMPATH\CodeIgniter.php(933): App\Controllers\Dosen->view('11')
 7 SYSTEMPATH\CodeIgniter.php(509): CodeIgniter\CodeIgniter->runController(Object(App\Controllers\Dosen))
 8 SYSTEMPATH\CodeIgniter.php(355): CodeIgniter\CodeIgniter->handleRequest(null, Object(Config\Cache), false)
 9 SYSTEMPATH\Boot.php(312): CodeIgniter\CodeIgniter->run()
10 SYSTEMPATH\Boot.php(67): CodeIgniter\Boot::runCodeIgniter(Object(CodeIgniter\CodeIgniter))
11 FCPATH\index.php(56): CodeIgniter\Boot::bootWeb(Object(Config\Paths))
12 SYSTEMPATH\Commands\Server\rewrite.php(49): require_once('C:\\uts\\okci4\\public\\index.php')
INFO - 2024-05-15 11:48:52 --> Session: Class initialized using 'CodeIgniter\Session\Handlers\FileHandler' driver.
CRITICAL - 2024-05-15 12:56:43 --> Error: Class "App\Models\PegawaiModel" not found
[Method: GET, Route: pegawai]
in APPPATH\Controllers\pegawai.php on line 13.
 1 SYSTEMPATH\CodeIgniter.php(903): App\Controllers\Pegawai->__construct()
 2 SYSTEMPATH\CodeIgniter.php(500): CodeIgniter\CodeIgniter->createController()
 3 SYSTEMPATH\CodeIgniter.php(355): CodeIgniter\CodeIgniter->handleRequest(null, Object(Config\Cache), false)
 4 SYSTEMPATH\Boot.php(312): CodeIgniter\CodeIgniter->run()
 5 SYSTEMPATH\Boot.php(67): CodeIgniter\Boot::runCodeIgniter(Object(CodeIgniter\CodeIgniter))
 6 FCPATH\index.php(56): CodeIgniter\Boot::bootWeb(Object(Config\Paths))
 7 SYSTEMPATH\Commands\Server\rewrite.php(49): require_once('C:\\uts\\okci4\\public\\index.php')
CRITICAL - 2024-05-15 12:57:49 --> Error: Class "App\Models\PegawaiModel" not found
[Method: GET, Route: pegawai]
in APPPATH\Controllers\pegawai.php on line 13.
 1 SYSTEMPATH\CodeIgniter.php(903): App\Controllers\Pegawai->__construct()
 2 SYSTEMPATH\CodeIgniter.php(500): CodeIgniter\CodeIgniter->createController()
 3 SYSTEMPATH\CodeIgniter.php(355): CodeIgniter\CodeIgniter->handleRequest(null, Object(Config\Cache), false)
 4 SYSTEMPATH\Boot.php(312): CodeIgniter\CodeIgniter->run()
 5 SYSTEMPATH\Boot.php(67): CodeIgniter\Boot::runCodeIgniter(Object(CodeIgniter\CodeIgniter))
 6 FCPATH\index.php(56): CodeIgniter\Boot::bootWeb(Object(Config\Paths))
 7 SYSTEMPATH\Commands\Server\rewrite.php(49): require_once('C:\\uts\\okci4\\public\\index.php')
CRITICAL - 2024-05-15 11:59:42 --> CodeIgniter\View\Exceptions\ViewException: Invalid file: "pegawai/create.php"
[Method: GET, Route: pegawai/create]
in SYSTEMPATH\Exceptions\FrameworkException.php on line 41.
 1 SYSTEMPATH\View\View.php(222): CodeIgniter\Exceptions\FrameworkException::forInvalidFile('pegawai/create.php')
 2 SYSTEMPATH\Common.php(1171): CodeIgniter\View\View->render('pegawai/create', [], true)
 3 APPPATH\Controllers\pegawai.php(24): view('pegawai/create')
 4 SYSTEMPATH\CodeIgniter.php(933): App\Controllers\Pegawai->create()
 5 SYSTEMPATH\CodeIgniter.php(509): CodeIgniter\CodeIgniter->runController(Object(App\Controllers\Pegawai))
 6 SYSTEMPATH\CodeIgniter.php(355): CodeIgniter\CodeIgniter->handleRequest(null, Object(Config\Cache), false)
 7 SYSTEMPATH\Boot.php(312): CodeIgniter\CodeIgniter->run()
 8 SYSTEMPATH\Boot.php(67): CodeIgniter\Boot::runCodeIgniter(Object(CodeIgniter\CodeIgniter))
 9 FCPATH\index.php(56): CodeIgniter\Boot::bootWeb(Object(Config\Paths))
10 SYSTEMPATH\Commands\Server\rewrite.php(49): require_once('C:\\uts\\okci4\\public\\index.php')
CRITICAL - 2024-05-15 12:01:27 --> CodeIgniter\View\Exceptions\ViewException: Invalid file: "pegawai/create.php"
[Method: GET, Route: pegawai/create]
in SYSTEMPATH\Exceptions\FrameworkException.php on line 41.
 1 SYSTEMPATH\View\View.php(222): CodeIgniter\Exceptions\FrameworkException::forInvalidFile('pegawai/create.php')
 2 SYSTEMPATH\Common.php(1171): CodeIgniter\View\View->render('pegawai/create', [], true)
 3 APPPATH\Controllers\pegawai.php(24): view('pegawai/create')
 4 SYSTEMPATH\CodeIgniter.php(933): App\Controllers\Pegawai->create()
 5 SYSTEMPATH\CodeIgniter.php(509): CodeIgniter\CodeIgniter->runController(Object(App\Controllers\Pegawai))
 6 SYSTEMPATH\CodeIgniter.php(355): CodeIgniter\CodeIgniter->handleRequest(null, Object(Config\Cache), false)
 7 SYSTEMPATH\Boot.php(312): CodeIgniter\CodeIgniter->run()
 8 SYSTEMPATH\Boot.php(67): CodeIgniter\Boot::runCodeIgniter(Object(CodeIgniter\CodeIgniter))
 9 FCPATH\index.php(56): CodeIgniter\Boot::bootWeb(Object(Config\Paths))
10 SYSTEMPATH\Commands\Server\rewrite.php(49): require_once('C:\\uts\\okci4\\public\\index.php')
CRITICAL - 2024-05-15 12:01:30 --> CodeIgniter\View\Exceptions\ViewException: Invalid file: "pegawai/create.php"
[Method: GET, Route: pegawai/create]
in SYSTEMPATH\Exceptions\FrameworkException.php on line 41.
 1 SYSTEMPATH\View\View.php(222): CodeIgniter\Exceptions\FrameworkException::forInvalidFile('pegawai/create.php')
 2 SYSTEMPATH\Common.php(1171): CodeIgniter\View\View->render('pegawai/create', [], true)
 3 APPPATH\Controllers\pegawai.php(24): view('pegawai/create')
 4 SYSTEMPATH\CodeIgniter.php(933): App\Controllers\Pegawai->create()
 5 SYSTEMPATH\CodeIgniter.php(509): CodeIgniter\CodeIgniter->runController(Object(App\Controllers\Pegawai))
 6 SYSTEMPATH\CodeIgniter.php(355): CodeIgniter\CodeIgniter->handleRequest(null, Object(Config\Cache), false)
 7 SYSTEMPATH\Boot.php(312): CodeIgniter\CodeIgniter->run()
 8 SYSTEMPATH\Boot.php(67): CodeIgniter\Boot::runCodeIgniter(Object(CodeIgniter\CodeIgniter))
 9 FCPATH\index.php(56): CodeIgniter\Boot::bootWeb(Object(Config\Paths))
10 SYSTEMPATH\Commands\Server\rewrite.php(49): require_once('C:\\uts\\okci4\\public\\index.php')
CRITICAL - 2024-05-15 12:04:25 --> CodeIgniter\View\Exceptions\ViewException: Invalid file: "pegawai/create.php"
[Method: GET, Route: pegawai/create]
in SYSTEMPATH\Exceptions\FrameworkException.php on line 41.
 1 SYSTEMPATH\View\View.php(222): CodeIgniter\Exceptions\FrameworkException::forInvalidFile('pegawai/create.php')
 2 SYSTEMPATH\Common.php(1171): CodeIgniter\View\View->render('pegawai/create', [], true)
 3 APPPATH\Controllers\pegawai.php(24): view('pegawai/create')
 4 SYSTEMPATH\CodeIgniter.php(933): App\Controllers\Pegawai->create()
 5 SYSTEMPATH\CodeIgniter.php(509): CodeIgniter\CodeIgniter->runController(Object(App\Controllers\Pegawai))
 6 SYSTEMPATH\CodeIgniter.php(355): CodeIgniter\CodeIgniter->handleRequest(null, Object(Config\Cache), false)
 7 SYSTEMPATH\Boot.php(312): CodeIgniter\CodeIgniter->run()
 8 SYSTEMPATH\Boot.php(67): CodeIgniter\Boot::runCodeIgniter(Object(CodeIgniter\CodeIgniter))
 9 FCPATH\index.php(56): CodeIgniter\Boot::bootWeb(Object(Config\Paths))
10 SYSTEMPATH\Commands\Server\rewrite.php(49): require_once('C:\\uts\\okci4\\public\\index.php')
CRITICAL - 2024-05-15 12:16:06 --> ErrorException: Undefined array key "NIP"
[Method: GET, Route: pegawai]
in APPPATH\Views\pegawai\index.php on line 109.
 1 APPPATH\Views\pegawai\index.php(109): CodeIgniter\Debug\Exceptions->errorHandler(2, 'Undefined array key "NIP"', 'C:\\uts\\okci4\\app\\Views\\pegawai\\index.php', 109)
 2 SYSTEMPATH\View\View.php(234): include('C:\\uts\\okci4\\app\\Views\\pegawai\\index.php')
 3 SYSTEMPATH\View\View.php(237): CodeIgniter\View\View->CodeIgniter\View\{closure}()
 4 SYSTEMPATH\Common.php(1171): CodeIgniter\View\View->render('pegawai/index', [], true)
 5 APPPATH\Controllers\pegawai.php(19): view('pegawai/index', [...])
 6 SYSTEMPATH\CodeIgniter.php(933): App\Controllers\Pegawai->index()
 7 SYSTEMPATH\CodeIgniter.php(509): CodeIgniter\CodeIgniter->runController(Object(App\Controllers\Pegawai))
 8 SYSTEMPATH\CodeIgniter.php(355): CodeIgniter\CodeIgniter->handleRequest(null, Object(Config\Cache), false)
 9 SYSTEMPATH\Boot.php(312): CodeIgniter\CodeIgniter->run()
10 SYSTEMPATH\Boot.php(67): CodeIgniter\Boot::runCodeIgniter(Object(CodeIgniter\CodeIgniter))
11 FCPATH\index.php(56): CodeIgniter\Boot::bootWeb(Object(Config\Paths))
12 SYSTEMPATH\Commands\Server\rewrite.php(49): require_once('C:\\uts\\okci4\\public\\index.php')
CRITICAL - 2024-05-15 12:20:47 --> ErrorException: Undefined array key "NIP"
[Method: GET, Route: pegawai]
in APPPATH\Views\pegawai\index.php on line 109.
 1 APPPATH\Views\pegawai\index.php(109): CodeIgniter\Debug\Exceptions->errorHandler(2, 'Undefined array key "NIP"', 'C:\\uts\\okci4\\app\\Views\\pegawai\\index.php', 109)
 2 SYSTEMPATH\View\View.php(234): include('C:\\uts\\okci4\\app\\Views\\pegawai\\index.php')
 3 SYSTEMPATH\View\View.php(237): CodeIgniter\View\View->CodeIgniter\View\{closure}()
 4 SYSTEMPATH\Common.php(1171): CodeIgniter\View\View->render('pegawai/index', [], true)
 5 APPPATH\Controllers\pegawai.php(19): view('pegawai/index', [...])
 6 SYSTEMPATH\CodeIgniter.php(933): App\Controllers\Pegawai->index()
 7 SYSTEMPATH\CodeIgniter.php(509): CodeIgniter\CodeIgniter->runController(Object(App\Controllers\Pegawai))
 8 SYSTEMPATH\CodeIgniter.php(355): CodeIgniter\CodeIgniter->handleRequest(null, Object(Config\Cache), false)
 9 SYSTEMPATH\Boot.php(312): CodeIgniter\CodeIgniter->run()
10 SYSTEMPATH\Boot.php(67): CodeIgniter\Boot::runCodeIgniter(Object(CodeIgniter\CodeIgniter))
11 FCPATH\index.php(56): CodeIgniter\Boot::bootWeb(Object(Config\Paths))
12 SYSTEMPATH\Commands\Server\rewrite.php(49): require_once('C:\\uts\\okci4\\public\\index.php')
CRITICAL - 2024-05-15 12:28:57 --> ErrorException: Undefined array key "NIP"
[Method: GET, Route: pegawai]
in APPPATH\Views\pegawai\index.php on line 109.
 1 APPPATH\Views\pegawai\index.php(109): CodeIgniter\Debug\Exceptions->errorHandler(2, 'Undefined array key "NIP"', 'C:\\uts\\okci4\\app\\Views\\pegawai\\index.php', 109)
 2 SYSTEMPATH\View\View.php(234): include('C:\\uts\\okci4\\app\\Views\\pegawai\\index.php')
 3 SYSTEMPATH\View\View.php(237): CodeIgniter\View\View->CodeIgniter\View\{closure}()
 4 SYSTEMPATH\Common.php(1171): CodeIgniter\View\View->render('pegawai/index', [], true)
 5 APPPATH\Controllers\pegawai.php(19): view('pegawai/index', [...])
 6 SYSTEMPATH\CodeIgniter.php(933): App\Controllers\Pegawai->index()
 7 SYSTEMPATH\CodeIgniter.php(509): CodeIgniter\CodeIgniter->runController(Object(App\Controllers\Pegawai))
 8 SYSTEMPATH\CodeIgniter.php(355): CodeIgniter\CodeIgniter->handleRequest(null, Object(Config\Cache), false)
 9 SYSTEMPATH\Boot.php(312): CodeIgniter\CodeIgniter->run()
10 SYSTEMPATH\Boot.php(67): CodeIgniter\Boot::runCodeIgniter(Object(CodeIgniter\CodeIgniter))
11 FCPATH\index.php(56): CodeIgniter\Boot::bootWeb(Object(Config\Paths))
12 SYSTEMPATH\Commands\Server\rewrite.php(49): require_once('C:\\uts\\okci4\\public\\index.php')
CRITICAL - 2024-05-15 12:28:57 --> ErrorException: Undefined array key "NIP"
[Method: GET, Route: pegawai]
in APPPATH\Views\pegawai\index.php on line 109.
 1 APPPATH\Views\pegawai\index.php(109): CodeIgniter\Debug\Exceptions->errorHandler(2, 'Undefined array key "NIP"', 'C:\\uts\\okci4\\app\\Views\\pegawai\\index.php', 109)
 2 SYSTEMPATH\View\View.php(234): include('C:\\uts\\okci4\\app\\Views\\pegawai\\index.php')
 3 SYSTEMPATH\View\View.php(237): CodeIgniter\View\View->CodeIgniter\View\{closure}()
 4 SYSTEMPATH\Common.php(1171): CodeIgniter\View\View->render('pegawai/index', [], true)
 5 APPPATH\Controllers\pegawai.php(19): view('pegawai/index', [...])
 6 SYSTEMPATH\CodeIgniter.php(933): App\Controllers\Pegawai->index()
 7 SYSTEMPATH\CodeIgniter.php(509): CodeIgniter\CodeIgniter->runController(Object(App\Controllers\Pegawai))
 8 SYSTEMPATH\CodeIgniter.php(355): CodeIgniter\CodeIgniter->handleRequest(null, Object(Config\Cache), false)
 9 SYSTEMPATH\Boot.php(312): CodeIgniter\CodeIgniter->run()
10 SYSTEMPATH\Boot.php(67): CodeIgniter\Boot::runCodeIgniter(Object(CodeIgniter\CodeIgniter))
11 FCPATH\index.php(56): CodeIgniter\Boot::bootWeb(Object(Config\Paths))
12 SYSTEMPATH\Commands\Server\rewrite.php(49): require_once('C:\\uts\\okci4\\public\\index.php')
CRITICAL - 2024-05-15 12:30:21 --> ErrorException: Undefined array key "NIP"
[Method: GET, Route: pegawai]
in APPPATH\Views\pegawai\index.php on line 109.
 1 APPPATH\Views\pegawai\index.php(109): CodeIgniter\Debug\Exceptions->errorHandler(2, 'Undefined array key "NIP"', 'C:\\uts\\okci4\\app\\Views\\pegawai\\index.php', 109)
 2 SYSTEMPATH\View\View.php(234): include('C:\\uts\\okci4\\app\\Views\\pegawai\\index.php')
 3 SYSTEMPATH\View\View.php(237): CodeIgniter\View\View->CodeIgniter\View\{closure}()
 4 SYSTEMPATH\Common.php(1171): CodeIgniter\View\View->render('pegawai/index', [], true)
 5 APPPATH\Controllers\pegawai.php(19): view('pegawai/index', [...])
 6 SYSTEMPATH\CodeIgniter.php(933): App\Controllers\Pegawai->index()
 7 SYSTEMPATH\CodeIgniter.php(509): CodeIgniter\CodeIgniter->runController(Object(App\Controllers\Pegawai))
 8 SYSTEMPATH\CodeIgniter.php(355): CodeIgniter\CodeIgniter->handleRequest(null, Object(Config\Cache), false)
 9 SYSTEMPATH\Boot.php(312): CodeIgniter\CodeIgniter->run()
10 SYSTEMPATH\Boot.php(67): CodeIgniter\Boot::runCodeIgniter(Object(CodeIgniter\CodeIgniter))
11 FCPATH\index.php(56): CodeIgniter\Boot::bootWeb(Object(Config\Paths))
12 SYSTEMPATH\Commands\Server\rewrite.php(49): require_once('C:\\uts\\okci4\\public\\index.php')
CRITICAL - 2024-05-15 12:30:22 --> ErrorException: Undefined array key "NIP"
[Method: GET, Route: pegawai]
in APPPATH\Views\pegawai\index.php on line 109.
 1 APPPATH\Views\pegawai\index.php(109): CodeIgniter\Debug\Exceptions->errorHandler(2, 'Undefined array key "NIP"', 'C:\\uts\\okci4\\app\\Views\\pegawai\\index.php', 109)
 2 SYSTEMPATH\View\View.php(234): include('C:\\uts\\okci4\\app\\Views\\pegawai\\index.php')
 3 SYSTEMPATH\View\View.php(237): CodeIgniter\View\View->CodeIgniter\View\{closure}()
 4 SYSTEMPATH\Common.php(1171): CodeIgniter\View\View->render('pegawai/index', [], true)
 5 APPPATH\Controllers\pegawai.php(19): view('pegawai/index', [...])
 6 SYSTEMPATH\CodeIgniter.php(933): App\Controllers\Pegawai->index()
 7 SYSTEMPATH\CodeIgniter.php(509): CodeIgniter\CodeIgniter->runController(Object(App\Controllers\Pegawai))
 8 SYSTEMPATH\CodeIgniter.php(355): CodeIgniter\CodeIgniter->handleRequest(null, Object(Config\Cache), false)
 9 SYSTEMPATH\Boot.php(312): CodeIgniter\CodeIgniter->run()
10 SYSTEMPATH\Boot.php(67): CodeIgniter\Boot::runCodeIgniter(Object(CodeIgniter\CodeIgniter))
11 FCPATH\index.php(56): CodeIgniter\Boot::bootWeb(Object(Config\Paths))
12 SYSTEMPATH\Commands\Server\rewrite.php(49): require_once('C:\\uts\\okci4\\public\\index.php')
CRITICAL - 2024-05-15 12:32:38 --> ErrorException: Undefined array key "NIP"
[Method: GET, Route: pegawai]
in APPPATH\Views\pegawai\index.php on line 109.
 1 APPPATH\Views\pegawai\index.php(109): CodeIgniter\Debug\Exceptions->errorHandler(2, 'Undefined array key "NIP"', 'C:\\uts\\okci4\\app\\Views\\pegawai\\index.php', 109)
 2 SYSTEMPATH\View\View.php(234): include('C:\\uts\\okci4\\app\\Views\\pegawai\\index.php')
 3 SYSTEMPATH\View\View.php(237): CodeIgniter\View\View->CodeIgniter\View\{closure}()
 4 SYSTEMPATH\Common.php(1171): CodeIgniter\View\View->render('pegawai/index', [], true)
 5 APPPATH\Controllers\pegawai.php(19): view('pegawai/index', [...])
 6 SYSTEMPATH\CodeIgniter.php(933): App\Controllers\Pegawai->index()
 7 SYSTEMPATH\CodeIgniter.php(509): CodeIgniter\CodeIgniter->runController(Object(App\Controllers\Pegawai))
 8 SYSTEMPATH\CodeIgniter.php(355): CodeIgniter\CodeIgniter->handleRequest(null, Object(Config\Cache), false)
 9 SYSTEMPATH\Boot.php(312): CodeIgniter\CodeIgniter->run()
10 SYSTEMPATH\Boot.php(67): CodeIgniter\Boot::runCodeIgniter(Object(CodeIgniter\CodeIgniter))
11 FCPATH\index.php(56): CodeIgniter\Boot::bootWeb(Object(Config\Paths))
12 SYSTEMPATH\Commands\Server\rewrite.php(49): require_once('C:\\uts\\okci4\\public\\index.php')
CRITICAL - 2024-05-15 12:32:44 --> ErrorException: Undefined array key "NIP"
[Method: GET, Route: pegawai]
in APPPATH\Views\pegawai\index.php on line 109.
 1 APPPATH\Views\pegawai\index.php(109): CodeIgniter\Debug\Exceptions->errorHandler(2, 'Undefined array key "NIP"', 'C:\\uts\\okci4\\app\\Views\\pegawai\\index.php', 109)
 2 SYSTEMPATH\View\View.php(234): include('C:\\uts\\okci4\\app\\Views\\pegawai\\index.php')
 3 SYSTEMPATH\View\View.php(237): CodeIgniter\View\View->CodeIgniter\View\{closure}()
 4 SYSTEMPATH\Common.php(1171): CodeIgniter\View\View->render('pegawai/index', [], true)
 5 APPPATH\Controllers\pegawai.php(19): view('pegawai/index', [...])
 6 SYSTEMPATH\CodeIgniter.php(933): App\Controllers\Pegawai->index()
 7 SYSTEMPATH\CodeIgniter.php(509): CodeIgniter\CodeIgniter->runController(Object(App\Controllers\Pegawai))
 8 SYSTEMPATH\CodeIgniter.php(355): CodeIgniter\CodeIgniter->handleRequest(null, Object(Config\Cache), false)
 9 SYSTEMPATH\Boot.php(312): CodeIgniter\CodeIgniter->run()
10 SYSTEMPATH\Boot.php(67): CodeIgniter\Boot::runCodeIgniter(Object(CodeIgniter\CodeIgniter))
11 FCPATH\index.php(56): CodeIgniter\Boot::bootWeb(Object(Config\Paths))
12 SYSTEMPATH\Commands\Server\rewrite.php(49): require_once('C:\\uts\\okci4\\public\\index.php')
CRITICAL - 2024-05-15 12:32:46 --> ErrorException: Undefined array key "NIP"
[Method: GET, Route: pegawai]
in APPPATH\Views\pegawai\index.php on line 109.
 1 APPPATH\Views\pegawai\index.php(109): CodeIgniter\Debug\Exceptions->errorHandler(2, 'Undefined array key "NIP"', 'C:\\uts\\okci4\\app\\Views\\pegawai\\index.php', 109)
 2 SYSTEMPATH\View\View.php(234): include('C:\\uts\\okci4\\app\\Views\\pegawai\\index.php')
 3 SYSTEMPATH\View\View.php(237): CodeIgniter\View\View->CodeIgniter\View\{closure}()
 4 SYSTEMPATH\Common.php(1171): CodeIgniter\View\View->render('pegawai/index', [], true)
 5 APPPATH\Controllers\pegawai.php(19): view('pegawai/index', [...])
 6 SYSTEMPATH\CodeIgniter.php(933): App\Controllers\Pegawai->index()
 7 SYSTEMPATH\CodeIgniter.php(509): CodeIgniter\CodeIgniter->runController(Object(App\Controllers\Pegawai))
 8 SYSTEMPATH\CodeIgniter.php(355): CodeIgniter\CodeIgniter->handleRequest(null, Object(Config\Cache), false)
 9 SYSTEMPATH\Boot.php(312): CodeIgniter\CodeIgniter->run()
10 SYSTEMPATH\Boot.php(67): CodeIgniter\Boot::runCodeIgniter(Object(CodeIgniter\CodeIgniter))
11 FCPATH\index.php(56): CodeIgniter\Boot::bootWeb(Object(Config\Paths))
12 SYSTEMPATH\Commands\Server\rewrite.php(49): require_once('C:\\uts\\okci4\\public\\index.php')
CRITICAL - 2024-05-15 12:35:02 --> ErrorException: Undefined array key "NIP"
[Method: GET, Route: pegawai]
in APPPATH\Views\pegawai\index.php on line 109.
 1 APPPATH\Views\pegawai\index.php(109): CodeIgniter\Debug\Exceptions->errorHandler(2, 'Undefined array key "NIP"', 'C:\\uts\\okci4\\app\\Views\\pegawai\\index.php', 109)
 2 SYSTEMPATH\View\View.php(234): include('C:\\uts\\okci4\\app\\Views\\pegawai\\index.php')
 3 SYSTEMPATH\View\View.php(237): CodeIgniter\View\View->CodeIgniter\View\{closure}()
 4 SYSTEMPATH\Common.php(1171): CodeIgniter\View\View->render('pegawai/index', [], true)
 5 APPPATH\Controllers\pegawai.php(19): view('pegawai/index', [...])
 6 SYSTEMPATH\CodeIgniter.php(933): App\Controllers\Pegawai->index()
 7 SYSTEMPATH\CodeIgniter.php(509): CodeIgniter\CodeIgniter->runController(Object(App\Controllers\Pegawai))
 8 SYSTEMPATH\CodeIgniter.php(355): CodeIgniter\CodeIgniter->handleRequest(null, Object(Config\Cache), false)
 9 SYSTEMPATH\Boot.php(312): CodeIgniter\CodeIgniter->run()
10 SYSTEMPATH\Boot.php(67): CodeIgniter\Boot::runCodeIgniter(Object(CodeIgniter\CodeIgniter))
11 FCPATH\index.php(56): CodeIgniter\Boot::bootWeb(Object(Config\Paths))
12 SYSTEMPATH\Commands\Server\rewrite.php(49): require_once('C:\\uts\\okci4\\public\\index.php')
CRITICAL - 2024-05-15 12:57:39 --> CodeIgniter\View\Exceptions\ViewException: Invalid file: "pegawai/create.php"
[Method: GET, Route: pegawai/create]
in SYSTEMPATH\Exceptions\FrameworkException.php on line 41.
 1 SYSTEMPATH\View\View.php(222): CodeIgniter\Exceptions\FrameworkException::forInvalidFile('pegawai/create.php')
 2 SYSTEMPATH\Common.php(1171): CodeIgniter\View\View->render('pegawai/create', [], true)
 3 APPPATH\Controllers\pegawai.php(25): view('pegawai/create')
 4 SYSTEMPATH\CodeIgniter.php(933): App\Controllers\Pegawai->create()
 5 SYSTEMPATH\CodeIgniter.php(509): CodeIgniter\CodeIgniter->runController(Object(App\Controllers\Pegawai))
 6 SYSTEMPATH\CodeIgniter.php(355): CodeIgniter\CodeIgniter->handleRequest(null, Object(Config\Cache), false)
 7 SYSTEMPATH\Boot.php(312): CodeIgniter\CodeIgniter->run()
 8 SYSTEMPATH\Boot.php(67): CodeIgniter\Boot::runCodeIgniter(Object(CodeIgniter\CodeIgniter))
 9 FCPATH\index.php(56): CodeIgniter\Boot::bootWeb(Object(Config\Paths))
10 SYSTEMPATH\Commands\Server\rewrite.php(49): require_once('C:\\uts\\okci4\\public\\index.php')
ERROR - 2024-05-15 12:55:39 --> Error connecting to the database: mysqli_sql_exception: No connection could be made because the target machine actively refused it in C:\uts\okci4\system\Database\MySQLi\Connection.php:186
Stack trace:
#0 C:\uts\okci4\system\Database\MySQLi\Connection.php(186): mysqli->real_connect('localhost', 'root', Object(SensitiveParameterValue), 'umb', 3306, '', 0)
#1 C:\uts\okci4\system\Database\BaseConnection.php(421): CodeIgniter\Database\MySQLi\Connection->connect(false)
#2 C:\uts\okci4\system\Database\BaseConnection.php(604): CodeIgniter\Database\BaseConnection->initialize()
#3 C:\uts\okci4\system\Database\BaseBuilder.php(1629): CodeIgniter\Database\BaseConnection->query('SELECT *\nFROM `...', Array, false)
#4 C:\uts\okci4\system\Model.php(275): CodeIgniter\Database\BaseBuilder->get()
#5 C:\uts\okci4\system\BaseModel.php(676): CodeIgniter\Model->doFindAll(0, 0)
#6 C:\uts\okci4\app\Controllers\Dosen.php(18): CodeIgniter\BaseModel->findAll()
#7 C:\uts\okci4\system\CodeIgniter.php(933): App\Controllers\Dosen->index()
#8 C:\uts\okci4\system\CodeIgniter.php(509): CodeIgniter\CodeIgniter->runController(Object(App\Controllers\Dosen))
#9 C:\uts\okci4\system\CodeIgniter.php(355): CodeIgniter\CodeIgniter->handleRequest(NULL, Object(Config\Cache), false)
#10 C:\uts\okci4\system\Boot.php(312): CodeIgniter\CodeIgniter->run()
#11 C:\uts\okci4\system\Boot.php(67): CodeIgniter\Boot::runCodeIgniter(Object(CodeIgniter\CodeIgniter))
#12 C:\uts\okci4\public\index.php(56): CodeIgniter\Boot::bootWeb(Object(Config\Paths))
#13 C:\uts\okci4\system\Commands\Server\rewrite.php(49): require_once('C:\\uts\\okci4\\pu...')
#14 {main}

Next CodeIgniter\Database\Exceptions\DatabaseException: No connection could be made because the target machine actively refused it in C:\uts\okci4\system\Database\MySQLi\Connection.php:231
Stack trace:
#0 C:\uts\okci4\system\Database\BaseConnection.php(421): CodeIgniter\Database\MySQLi\Connection->connect(false)
#1 C:\uts\okci4\system\Database\BaseConnection.php(604): CodeIgniter\Database\BaseConnection->initialize()
#2 C:\uts\okci4\system\Database\BaseBuilder.php(1629): CodeIgniter\Database\BaseConnection->query('SELECT *\nFROM `...', Array, false)
#3 C:\uts\okci4\system\Model.php(275): CodeIgniter\Database\BaseBuilder->get()
#4 C:\uts\okci4\system\BaseModel.php(676): CodeIgniter\Model->doFindAll(0, 0)
#5 C:\uts\okci4\app\Controllers\Dosen.php(18): CodeIgniter\BaseModel->findAll()
#6 C:\uts\okci4\system\CodeIgniter.php(933): App\Controllers\Dosen->index()
#7 C:\uts\okci4\system\CodeIgniter.php(509): CodeIgniter\CodeIgniter->runController(Object(App\Controllers\Dosen))
#8 C:\uts\okci4\system\CodeIgniter.php(355): CodeIgniter\CodeIgniter->handleRequest(NULL, Object(Config\Cache), false)
#9 C:\uts\okci4\system\Boot.php(312): CodeIgniter\CodeIgniter->run()
#10 C:\uts\okci4\system\Boot.php(67): CodeIgniter\Boot::runCodeIgniter(Object(CodeIgniter\CodeIgniter))
#11 C:\uts\okci4\public\index.php(56): CodeIgniter\Boot::bootWeb(Object(Config\Paths))
#12 C:\uts\okci4\system\Commands\Server\rewrite.php(49): require_once('C:\\uts\\okci4\\pu...')
#13 {main}
CRITICAL - 2024-05-15 12:55:39 --> CodeIgniter\Database\Exceptions\DatabaseException: Unable to connect to the database.
Main connection [MySQLi]: No connection could be made because the target machine actively refused it
[Method: GET, Route: dosen]
in SYSTEMPATH\Database\BaseConnection.php on line 457.
 1 SYSTEMPATH\Database\BaseConnection.php(604): CodeIgniter\Database\BaseConnection->initialize()
 2 SYSTEMPATH\Database\BaseBuilder.php(1629): CodeIgniter\Database\BaseConnection->query('SELECT *
FROM `dosen`', [], false)
 3 SYSTEMPATH\Model.php(275): CodeIgniter\Database\BaseBuilder->get()
 4 SYSTEMPATH\BaseModel.php(676): CodeIgniter\Model->doFindAll(0, 0)
 5 APPPATH\Controllers\Dosen.php(18): CodeIgniter\BaseModel->findAll()
 6 SYSTEMPATH\CodeIgniter.php(933): App\Controllers\Dosen->index()
 7 SYSTEMPATH\CodeIgniter.php(509): CodeIgniter\CodeIgniter->runController(Object(App\Controllers\Dosen))
 8 SYSTEMPATH\CodeIgniter.php(355): CodeIgniter\CodeIgniter->handleRequest(null, Object(Config\Cache), false)
 9 SYSTEMPATH\Boot.php(312): CodeIgniter\CodeIgniter->run()
10 SYSTEMPATH\Boot.php(67): CodeIgniter\Boot::runCodeIgniter(Object(CodeIgniter\CodeIgniter))
11 FCPATH\index.php(56): CodeIgniter\Boot::bootWeb(Object(Config\Paths))
12 SYSTEMPATH\Commands\Server\rewrite.php(49): require_once('C:\\uts\\okci4\\public\\index.php')
ERROR - 2024-05-15 12:55:44 --> Error connecting to the database: mysqli_sql_exception: No connection could be made because the target machine actively refused it in C:\uts\okci4\system\Database\MySQLi\Connection.php:186
Stack trace:
#0 C:\uts\okci4\system\Database\MySQLi\Connection.php(186): mysqli->real_connect('localhost', 'root', Object(SensitiveParameterValue), 'umb', 3306, '', 0)
#1 C:\uts\okci4\system\Database\BaseConnection.php(421): CodeIgniter\Database\MySQLi\Connection->connect(false)
#2 C:\uts\okci4\system\Database\BaseConnection.php(604): CodeIgniter\Database\BaseConnection->initialize()
#3 C:\uts\okci4\system\Database\BaseBuilder.php(1629): CodeIgniter\Database\BaseConnection->query('SELECT *\nFROM `...', Array, false)
#4 C:\uts\okci4\system\Model.php(275): CodeIgniter\Database\BaseBuilder->get()
#5 C:\uts\okci4\system\BaseModel.php(676): CodeIgniter\Model->doFindAll(0, 0)
#6 C:\uts\okci4\app\Controllers\Dosen.php(18): CodeIgniter\BaseModel->findAll()
#7 C:\uts\okci4\system\CodeIgniter.php(933): App\Controllers\Dosen->index()
#8 C:\uts\okci4\system\CodeIgniter.php(509): CodeIgniter\CodeIgniter->runController(Object(App\Controllers\Dosen))
#9 C:\uts\okci4\system\CodeIgniter.php(355): CodeIgniter\CodeIgniter->handleRequest(NULL, Object(Config\Cache), false)
#10 C:\uts\okci4\system\Boot.php(312): CodeIgniter\CodeIgniter->run()
#11 C:\uts\okci4\system\Boot.php(67): CodeIgniter\Boot::runCodeIgniter(Object(CodeIgniter\CodeIgniter))
#12 C:\uts\okci4\public\index.php(56): CodeIgniter\Boot::bootWeb(Object(Config\Paths))
#13 C:\uts\okci4\system\Commands\Server\rewrite.php(49): require_once('C:\\uts\\okci4\\pu...')
#14 {main}

Next CodeIgniter\Database\Exceptions\DatabaseException: No connection could be made because the target machine actively refused it in C:\uts\okci4\system\Database\MySQLi\Connection.php:231
Stack trace:
#0 C:\uts\okci4\system\Database\BaseConnection.php(421): CodeIgniter\Database\MySQLi\Connection->connect(false)
#1 C:\uts\okci4\system\Database\BaseConnection.php(604): CodeIgniter\Database\BaseConnection->initialize()
#2 C:\uts\okci4\system\Database\BaseBuilder.php(1629): CodeIgniter\Database\BaseConnection->query('SELECT *\nFROM `...', Array, false)
#3 C:\uts\okci4\system\Model.php(275): CodeIgniter\Database\BaseBuilder->get()
#4 C:\uts\okci4\system\BaseModel.php(676): CodeIgniter\Model->doFindAll(0, 0)
#5 C:\uts\okci4\app\Controllers\Dosen.php(18): CodeIgniter\BaseModel->findAll()
#6 C:\uts\okci4\system\CodeIgniter.php(933): App\Controllers\Dosen->index()
#7 C:\uts\okci4\system\CodeIgniter.php(509): CodeIgniter\CodeIgniter->runController(Object(App\Controllers\Dosen))
#8 C:\uts\okci4\system\CodeIgniter.php(355): CodeIgniter\CodeIgniter->handleRequest(NULL, Object(Config\Cache), false)
#9 C:\uts\okci4\system\Boot.php(312): CodeIgniter\CodeIgniter->run()
#10 C:\uts\okci4\system\Boot.php(67): CodeIgniter\Boot::runCodeIgniter(Object(CodeIgniter\CodeIgniter))
#11 C:\uts\okci4\public\index.php(56): CodeIgniter\Boot::bootWeb(Object(Config\Paths))
#12 C:\uts\okci4\system\Commands\Server\rewrite.php(49): require_once('C:\\uts\\okci4\\pu...')
#13 {main}
CRITICAL - 2024-05-15 12:55:44 --> CodeIgniter\Database\Exceptions\DatabaseException: Unable to connect to the database.
Main connection [MySQLi]: No connection could be made because the target machine actively refused it
[Method: GET, Route: dosen]
in SYSTEMPATH\Database\BaseConnection.php on line 457.
 1 SYSTEMPATH\Database\BaseConnection.php(604): CodeIgniter\Database\BaseConnection->initialize()
 2 SYSTEMPATH\Database\BaseBuilder.php(1629): CodeIgniter\Database\BaseConnection->query('SELECT *
FROM `dosen`', [], false)
 3 SYSTEMPATH\Model.php(275): CodeIgniter\Database\BaseBuilder->get()
 4 SYSTEMPATH\BaseModel.php(676): CodeIgniter\Model->doFindAll(0, 0)
 5 APPPATH\Controllers\Dosen.php(18): CodeIgniter\BaseModel->findAll()
 6 SYSTEMPATH\CodeIgniter.php(933): App\Controllers\Dosen->index()
 7 SYSTEMPATH\CodeIgniter.php(509): CodeIgniter\CodeIgniter->runController(Object(App\Controllers\Dosen))
 8 SYSTEMPATH\CodeIgniter.php(355): CodeIgniter\CodeIgniter->handleRequest(null, Object(Config\Cache), false)
 9 SYSTEMPATH\Boot.php(312): CodeIgniter\CodeIgniter->run()
10 SYSTEMPATH\Boot.php(67): CodeIgniter\Boot::runCodeIgniter(Object(CodeIgniter\CodeIgniter))
11 FCPATH\index.php(56): CodeIgniter\Boot::bootWeb(Object(Config\Paths))
12 SYSTEMPATH\Commands\Server\rewrite.php(49): require_once('C:\\uts\\okci4\\public\\index.php')
CRITICAL - 2024-05-15 12:56:35 --> CodeIgniter\View\Exceptions\ViewException: Invalid file: "pegawai/create.php"
[Method: GET, Route: pegawai/create]
in SYSTEMPATH\Exceptions\FrameworkException.php on line 41.
 1 SYSTEMPATH\View\View.php(222): CodeIgniter\Exceptions\FrameworkException::forInvalidFile('pegawai/create.php')
 2 SYSTEMPATH\Common.php(1171): CodeIgniter\View\View->render('pegawai/create', [], true)
 3 APPPATH\Controllers\pegawai.php(25): view('pegawai/create')
 4 SYSTEMPATH\CodeIgniter.php(933): App\Controllers\Pegawai->create()
 5 SYSTEMPATH\CodeIgniter.php(509): CodeIgniter\CodeIgniter->runController(Object(App\Controllers\Pegawai))
 6 SYSTEMPATH\CodeIgniter.php(355): CodeIgniter\CodeIgniter->handleRequest(null, Object(Config\Cache), false)
 7 SYSTEMPATH\Boot.php(312): CodeIgniter\CodeIgniter->run()
 8 SYSTEMPATH\Boot.php(67): CodeIgniter\Boot::runCodeIgniter(Object(CodeIgniter\CodeIgniter))
 9 FCPATH\index.php(56): CodeIgniter\Boot::bootWeb(Object(Config\Paths))
10 SYSTEMPATH\Commands\Server\rewrite.php(49): require_once('C:\\uts\\okci4\\public\\index.php')
CRITICAL - 2024-05-15 13:01:08 --> CodeIgniter\View\Exceptions\ViewException: Invalid file: "pegawai/create.php"
[Method: GET, Route: pegawai/create]
in SYSTEMPATH\Exceptions\FrameworkException.php on line 41.
 1 SYSTEMPATH\View\View.php(222): CodeIgniter\Exceptions\FrameworkException::forInvalidFile('pegawai/create.php')
 2 SYSTEMPATH\Common.php(1171): CodeIgniter\View\View->render('pegawai/create', [], true)
 3 APPPATH\Controllers\pegawai.php(24): view('pegawai/create')
 4 SYSTEMPATH\CodeIgniter.php(933): App\Controllers\Pegawai->create()
 5 SYSTEMPATH\CodeIgniter.php(509): CodeIgniter\CodeIgniter->runController(Object(App\Controllers\Pegawai))
 6 SYSTEMPATH\CodeIgniter.php(355): CodeIgniter\CodeIgniter->handleRequest(null, Object(Config\Cache), false)
 7 SYSTEMPATH\Boot.php(312): CodeIgniter\CodeIgniter->run()
 8 SYSTEMPATH\Boot.php(67): CodeIgniter\Boot::runCodeIgniter(Object(CodeIgniter\CodeIgniter))
 9 FCPATH\index.php(56): CodeIgniter\Boot::bootWeb(Object(Config\Paths))
10 SYSTEMPATH\Commands\Server\rewrite.php(49): require_once('C:\\uts\\okci4\\public\\index.php')
CRITICAL - 2024-05-15 12:03:51 --> CodeIgniter\View\Exceptions\ViewException: Invalid file: "pegawai/create.php"
[Method: GET, Route: pegawai/create]
in SYSTEMPATH\Exceptions\FrameworkException.php on line 41.
 1 SYSTEMPATH\View\View.php(222): CodeIgniter\Exceptions\FrameworkException::forInvalidFile('pegawai/create.php')
 2 SYSTEMPATH\Common.php(1171): CodeIgniter\View\View->render('pegawai/create', [], true)
 3 APPPATH\Controllers\pegawai.php(24): view('pegawai/create')
 4 SYSTEMPATH\CodeIgniter.php(933): App\Controllers\Pegawai->create()
 5 SYSTEMPATH\CodeIgniter.php(509): CodeIgniter\CodeIgniter->runController(Object(App\Controllers\Pegawai))
 6 SYSTEMPATH\CodeIgniter.php(355): CodeIgniter\CodeIgniter->handleRequest(null, Object(Config\Cache), false)
 7 SYSTEMPATH\Boot.php(312): CodeIgniter\CodeIgniter->run()
 8 SYSTEMPATH\Boot.php(67): CodeIgniter\Boot::runCodeIgniter(Object(CodeIgniter\CodeIgniter))
 9 FCPATH\index.php(56): CodeIgniter\Boot::bootWeb(Object(Config\Paths))
10 SYSTEMPATH\Commands\Server\rewrite.php(49): require_once('C:\\uts\\okci4\\public\\index.php')
INFO - 2024-05-15 12:08:52 --> Session: Class initialized using 'CodeIgniter\Session\Handlers\FileHandler' driver.
CRITICAL - 2024-05-15 12:08:52 --> ErrorException: Undefined array key "NIP"
[Method: GET, Route: pegawai]
in APPPATH\Views\pegawai\index.php on line 109.
 1 APPPATH\Views\pegawai\index.php(109): CodeIgniter\Debug\Exceptions->errorHandler(2, 'Undefined array key "NIP"', 'C:\\uts\\okci4\\app\\Views\\pegawai\\index.php', 109)
 2 SYSTEMPATH\View\View.php(234): include('C:\\uts\\okci4\\app\\Views\\pegawai\\index.php')
 3 SYSTEMPATH\View\View.php(237): CodeIgniter\View\View->CodeIgniter\View\{closure}()
 4 SYSTEMPATH\Common.php(1171): CodeIgniter\View\View->render('pegawai/index', [], true)
 5 APPPATH\Controllers\pegawai.php(19): view('pegawai/index', [...])
 6 SYSTEMPATH\CodeIgniter.php(933): App\Controllers\Pegawai->index()
 7 SYSTEMPATH\CodeIgniter.php(509): CodeIgniter\CodeIgniter->runController(Object(App\Controllers\Pegawai))
 8 SYSTEMPATH\CodeIgniter.php(355): CodeIgniter\CodeIgniter->handleRequest(null, Object(Config\Cache), false)
 9 SYSTEMPATH\Boot.php(312): CodeIgniter\CodeIgniter->run()
10 SYSTEMPATH\Boot.php(67): CodeIgniter\Boot::runCodeIgniter(Object(CodeIgniter\CodeIgniter))
11 FCPATH\index.php(56): CodeIgniter\Boot::bootWeb(Object(Config\Paths))
12 SYSTEMPATH\Commands\Server\rewrite.php(49): require_once('C:\\uts\\okci4\\public\\index.php')
INFO - 2024-05-15 12:09:43 --> Session: Class initialized using 'CodeIgniter\Session\Handlers\FileHandler' driver.
CRITICAL - 2024-05-15 12:09:43 --> ErrorException: Undefined array key "NIP"
[Method: GET, Route: pegawai/edit/1]
in APPPATH\Views\pegawai\edit.php on line 106.
 1 APPPATH\Views\pegawai\edit.php(106): CodeIgniter\Debug\Exceptions->errorHandler(2, 'Undefined array key "NIP"', 'C:\\uts\\okci4\\app\\Views\\pegawai\\edit.php', 106)
 2 SYSTEMPATH\View\View.php(234): include('C:\\uts\\okci4\\app\\Views\\pegawai\\edit.php')
 3 SYSTEMPATH\View\View.php(237): CodeIgniter\View\View->CodeIgniter\View\{closure}()
 4 SYSTEMPATH\Common.php(1171): CodeIgniter\View\View->render('pegawai/edit', [], true)
 5 APPPATH\Controllers\pegawai.php(61): view('pegawai/edit', [...])
 6 SYSTEMPATH\CodeIgniter.php(933): App\Controllers\Pegawai->edit('1')
 7 SYSTEMPATH\CodeIgniter.php(509): CodeIgniter\CodeIgniter->runController(Object(App\Controllers\Pegawai))
 8 SYSTEMPATH\CodeIgniter.php(355): CodeIgniter\CodeIgniter->handleRequest(null, Object(Config\Cache), false)
 9 SYSTEMPATH\Boot.php(312): CodeIgniter\CodeIgniter->run()
10 SYSTEMPATH\Boot.php(67): CodeIgniter\Boot::runCodeIgniter(Object(CodeIgniter\CodeIgniter))
11 FCPATH\index.php(56): CodeIgniter\Boot::bootWeb(Object(Config\Paths))
12 SYSTEMPATH\Commands\Server\rewrite.php(49): require_once('C:\\uts\\okci4\\public\\index.php')
INFO - 2024-05-15 12:10:26 --> Session: Class initialized using 'CodeIgniter\Session\Handlers\FileHandler' driver.
INFO - 2024-05-15 12:10:35 --> Session: Class initialized using 'CodeIgniter\Session\Handlers\FileHandler' driver.
INFO - 2024-05-15 12:11:16 --> Session: Class initialized using 'CodeIgniter\Session\Handlers\FileHandler' driver.
INFO - 2024-05-15 12:11:24 --> Session: Class initialized using 'CodeIgniter\Session\Handlers\FileHandler' driver.
INFO - 2024-05-15 12:19:33 --> Session: Class initialized using 'CodeIgniter\Session\Handlers\FileHandler' driver.
